<?xml version="1.0" encoding="UTF-8"?>
<!-- Generated by org.testng.reporters.JUnitReportReporter -->
<testsuite hostname="FNaik" failures="0" tests="1" name="com.demoaut.newtours.TestScripts.VerifyInvalidLoginTest" time="16.063" errors="0" timestamp="2020-04-29T10:32:24 EDT" skipped="0">
  <testcase classname="com.demoaut.newtours.TestScripts.VerifyInvalidLoginTest" name="VerifyInvalidLoginTests" time="16.063"/>
</testsuite> <!-- com.demoaut.newtours.TestScripts.VerifyInvalidLoginTest -->
